2025-06-16 11:40:37.737  INFO 32002 --- [main] com.example.demo.DemoApplication         : Starting DemoApplication using Java 1.8.0_452 on CY3XV9JQ7V with PID 32002 (/Users/gauravmahaur/SpringBoot Practice/Demo/target/classes started by gauravmahaur in /Users/gauravmahaur/SpringBoot Practice)
2025-06-16 11:40:37.741  INFO 32002 --- [main] com.example.demo.DemoApplication         : No active profile set, falling back to 1 default profile: "default"
2025-06-16 11:40:37.979  INFO 32002 --- [main] .s.d.r.c.RepositoryConfigurationDelegate : Bootstrapping Spring Data JPA repositories in DEFAULT mode.
2025-06-16 11:40:38.003  INFO 32002 --- [main] .s.d.r.c.RepositoryConfigurationDelegate : Finished Spring Data repository scanning in 20 ms. Found 3 JPA repository interfaces.
2025-06-16 11:40:38.416  INFO 32002 --- [main] o.s.b.w.embedded.tomcat.TomcatWebServer  : Tomcat initialized with port(s): 8080 (http)
2025-06-16 11:40:38.419  INFO 32002 --- [main] o.apache.catalina.core.StandardService   : Starting service [Tomcat]
2025-06-16 11:40:38.420  INFO 32002 --- [main] org.apache.catalina.core.StandardEngine  : Starting Servlet engine: [Apache Tomcat/9.0.83]
2025-06-16 11:40:38.454  INFO 32002 --- [main] o.a.c.c.C.[Tomcat].[localhost].[/]       : Initializing Spring embedded WebApplicationContext
2025-06-16 11:40:38.454  INFO 32002 --- [main] w.s.c.ServletWebServerApplicationContext : Root WebApplicationContext: initialization completed in 685 ms
2025-06-16 11:40:38.516  INFO 32002 --- [main] com.zaxxer.hikari.HikariDataSource       : HikariPool-1 - Starting...
2025-06-16 11:40:38.683  INFO 32002 --- [main] com.zaxxer.hikari.HikariDataSource       : HikariPool-1 - Start completed.
2025-06-16 11:40:38.711  INFO 32002 --- [main] o.hibernate.jpa.internal.util.LogHelper  : HHH000204: Processing PersistenceUnitInfo [name: default]
2025-06-16 11:40:38.733  INFO 32002 --- [main] org.hibernate.Version                    : HHH000412: Hibernate ORM core version 5.6.15.Final
2025-06-16 11:40:38.807  INFO 32002 --- [main] o.hibernate.annotations.common.Version   : HCANN000001: Hibernate Commons Annotations {5.1.2.Final}
2025-06-16 11:40:38.855  INFO 32002 --- [main] org.hibernate.dialect.Dialect            : HHH000400: Using dialect: org.hibernate.dialect.MySQL57Dialect
2025-06-16 11:40:39.137  INFO 32002 --- [main] o.h.e.t.j.p.i.JtaPlatformInitiator       : HHH000490: Using JtaPlatform implementation: [org.hibernate.engine.transaction.jta.platform.internal.NoJtaPlatform]
2025-06-16 11:40:39.142  INFO 32002 --- [main] j.LocalContainerEntityManagerFactoryBean : Initialized JPA EntityManagerFactory for persistence unit 'default'
2025-06-16 11:40:39.597  WARN 32002 --- [main] JpaBaseConfiguration$JpaWebConfiguration : spring.jpa.open-in-view is enabled by default. Therefore, database queries may be performed during view rendering. Explicitly configure spring.jpa.open-in-view to disable this warning
2025-06-16 11:40:40.019  INFO 32002 --- [main] o.s.b.w.embedded.tomcat.TomcatWebServer  : Tomcat started on port(s): 8080 (http) with context path ''
2025-06-16 11:40:40.023  INFO 32002 --- [main] com.example.demo.DemoApplication         : Started DemoApplication in 2.476 seconds (JVM running for 2.723)
2025-06-16 11:40:50.361  INFO 32002 --- [http-nio-8080-exec-2] o.a.c.c.C.[Tomcat].[localhost].[/]       : Initializing Spring DispatcherServlet 'dispatcherServlet'
2025-06-16 11:40:50.362  INFO 32002 --- [http-nio-8080-exec-2] o.s.web.servlet.DispatcherServlet        : Initializing Servlet 'dispatcherServlet'
2025-06-16 11:40:50.362  INFO 32002 --- [http-nio-8080-exec-2] o.s.web.servlet.DispatcherServlet        : Completed initialization in 0 ms
2025-06-16 11:40:50.413  INFO 32002 --- [http-nio-8080-exec-2] com.example.aop.AspectConfig             : Inside before advice
2025-06-16 11:41:53.588  INFO 32002 --- [http-nio-8080-exec-2] c.example.controller.StudentController   : studentResponses: [StudentResponse(id=1, firstName=John, lastName=Smith, email=john.smith@university.edu, fullName=John Smith, street=123 Main Street, city=New York, subjects=[com.example.response.SubjectResponse@5be8867d, com.example.response.SubjectResponse@174a78f4, com.example.response.SubjectResponse@5b9eb21]), StudentResponse(id=21, firstName=David, lastName=Lopez, email=david.lopez@university.edu, fullName=David Lopez, street=135 Basswood Way, city=Boston, subjects=[com.example.response.SubjectResponse@7d44f97e, com.example.response.SubjectResponse@628053c5, com.example.response.SubjectResponse@26c91ab9])]
2025-06-16 11:44:13.737  INFO 32491 --- [main] com.example.demo.DemoApplication         : Starting DemoApplication using Java 1.8.0_452 on CY3XV9JQ7V with PID 32491 (/Users/gauravmahaur/SpringBoot Practice/Demo/target/classes started by gauravmahaur in /Users/gauravmahaur/SpringBoot Practice)
2025-06-16 11:44:13.738  INFO 32491 --- [main] com.example.demo.DemoApplication         : No active profile set, falling back to 1 default profile: "default"
2025-06-16 11:44:13.948  INFO 32491 --- [main] .s.d.r.c.RepositoryConfigurationDelegate : Bootstrapping Spring Data JPA repositories in DEFAULT mode.
2025-06-16 11:44:13.968  INFO 32491 --- [main] .s.d.r.c.RepositoryConfigurationDelegate : Finished Spring Data repository scanning in 17 ms. Found 3 JPA repository interfaces.
2025-06-16 11:44:14.357  INFO 32491 --- [main] o.s.b.w.embedded.tomcat.TomcatWebServer  : Tomcat initialized with port(s): 8080 (http)
2025-06-16 11:44:14.361  INFO 32491 --- [main] o.apache.catalina.core.StandardService   : Starting service [Tomcat]
2025-06-16 11:44:14.361  INFO 32491 --- [main] org.apache.catalina.core.StandardEngine  : Starting Servlet engine: [Apache Tomcat/9.0.83]
2025-06-16 11:44:14.393  INFO 32491 --- [main] o.a.c.c.C.[Tomcat].[localhost].[/]       : Initializing Spring embedded WebApplicationContext
2025-06-16 11:44:14.393  INFO 32491 --- [main] w.s.c.ServletWebServerApplicationContext : Root WebApplicationContext: initialization completed in 631 ms
2025-06-16 11:44:14.451  INFO 32491 --- [main] com.zaxxer.hikari.HikariDataSource       : HikariPool-1 - Starting...
2025-06-16 11:44:14.598  INFO 32491 --- [main] com.zaxxer.hikari.HikariDataSource       : HikariPool-1 - Start completed.
2025-06-16 11:44:14.622  INFO 32491 --- [main] o.hibernate.jpa.internal.util.LogHelper  : HHH000204: Processing PersistenceUnitInfo [name: default]
2025-06-16 11:44:14.637  INFO 32491 --- [main] org.hibernate.Version                    : HHH000412: Hibernate ORM core version 5.6.15.Final
2025-06-16 11:44:14.702  INFO 32491 --- [main] o.hibernate.annotations.common.Version   : HCANN000001: Hibernate Commons Annotations {5.1.2.Final}
2025-06-16 11:44:14.747  INFO 32491 --- [main] org.hibernate.dialect.Dialect            : HHH000400: Using dialect: org.hibernate.dialect.MySQL57Dialect
2025-06-16 11:44:15.071  INFO 32491 --- [main] o.h.e.t.j.p.i.JtaPlatformInitiator       : HHH000490: Using JtaPlatform implementation: [org.hibernate.engine.transaction.jta.platform.internal.NoJtaPlatform]
2025-06-16 11:44:15.076  INFO 32491 --- [main] j.LocalContainerEntityManagerFactoryBean : Initialized JPA EntityManagerFactory for persistence unit 'default'
2025-06-16 11:44:15.442  WARN 32491 --- [main] JpaBaseConfiguration$JpaWebConfiguration : spring.jpa.open-in-view is enabled by default. Therefore, database queries may be performed during view rendering. Explicitly configure spring.jpa.open-in-view to disable this warning
2025-06-16 11:44:15.901  INFO 32491 --- [main] o.s.b.w.embedded.tomcat.TomcatWebServer  : Tomcat started on port(s): 8080 (http) with context path ''
2025-06-16 11:44:15.905  INFO 32491 --- [main] com.example.demo.DemoApplication         : Started DemoApplication in 2.331 seconds (JVM running for 2.528)
2025-06-16 11:44:19.962  INFO 32491 --- [http-nio-8080-exec-2] o.a.c.c.C.[Tomcat].[localhost].[/]       : Initializing Spring DispatcherServlet 'dispatcherServlet'
2025-06-16 11:44:19.963  INFO 32491 --- [http-nio-8080-exec-2] o.s.web.servlet.DispatcherServlet        : Initializing Servlet 'dispatcherServlet'
2025-06-16 11:44:19.963  INFO 32491 --- [http-nio-8080-exec-2] o.s.web.servlet.DispatcherServlet        : Completed initialization in 0 ms
2025-06-16 11:44:20.011  INFO 32491 --- [http-nio-8080-exec-2] com.example.aop.AspectConfig             : Inside before advice
2025-06-16 11:49:18.221  INFO 32956 --- [main] com.example.demo.DemoApplication         : Starting DemoApplication using Java 1.8.0_452 on CY3XV9JQ7V with PID 32956 (/Users/gauravmahaur/SpringBoot Practice/Demo/target/classes started by gauravmahaur in /Users/gauravmahaur/SpringBoot Practice)
2025-06-16 11:49:18.222  INFO 32956 --- [main] com.example.demo.DemoApplication         : No active profile set, falling back to 1 default profile: "default"
2025-06-16 11:49:18.432  INFO 32956 --- [main] .s.d.r.c.RepositoryConfigurationDelegate : Bootstrapping Spring Data JPA repositories in DEFAULT mode.
2025-06-16 11:49:18.454  INFO 32956 --- [main] .s.d.r.c.RepositoryConfigurationDelegate : Finished Spring Data repository scanning in 19 ms. Found 3 JPA repository interfaces.
2025-06-16 11:49:18.850  INFO 32956 --- [main] o.s.b.w.embedded.tomcat.TomcatWebServer  : Tomcat initialized with port(s): 8080 (http)
2025-06-16 11:49:18.855  INFO 32956 --- [main] o.apache.catalina.core.StandardService   : Starting service [Tomcat]
2025-06-16 11:49:18.855  INFO 32956 --- [main] org.apache.catalina.core.StandardEngine  : Starting Servlet engine: [Apache Tomcat/9.0.83]
2025-06-16 11:49:18.890  INFO 32956 --- [main] o.a.c.c.C.[Tomcat].[localhost].[/]       : Initializing Spring embedded WebApplicationContext
2025-06-16 11:49:18.890  INFO 32956 --- [main] w.s.c.ServletWebServerApplicationContext : Root WebApplicationContext: initialization completed in 643 ms
2025-06-16 11:49:18.944  INFO 32956 --- [main] com.zaxxer.hikari.HikariDataSource       : HikariPool-1 - Starting...
2025-06-16 11:49:19.094  INFO 32956 --- [main] com.zaxxer.hikari.HikariDataSource       : HikariPool-1 - Start completed.
2025-06-16 11:49:19.118  INFO 32956 --- [main] o.hibernate.jpa.internal.util.LogHelper  : HHH000204: Processing PersistenceUnitInfo [name: default]
2025-06-16 11:49:19.134  INFO 32956 --- [main] org.hibernate.Version                    : HHH000412: Hibernate ORM core version 5.6.15.Final
2025-06-16 11:49:19.203  INFO 32956 --- [main] o.hibernate.annotations.common.Version   : HCANN000001: Hibernate Commons Annotations {5.1.2.Final}
2025-06-16 11:49:19.246  INFO 32956 --- [main] org.hibernate.dialect.Dialect            : HHH000400: Using dialect: org.hibernate.dialect.MySQL57Dialect
2025-06-16 11:49:19.559  INFO 32956 --- [main] o.h.e.t.j.p.i.JtaPlatformInitiator       : HHH000490: Using JtaPlatform implementation: [org.hibernate.engine.transaction.jta.platform.internal.NoJtaPlatform]
2025-06-16 11:49:19.564  INFO 32956 --- [main] j.LocalContainerEntityManagerFactoryBean : Initialized JPA EntityManagerFactory for persistence unit 'default'
2025-06-16 11:49:19.924  WARN 32956 --- [main] JpaBaseConfiguration$JpaWebConfiguration : spring.jpa.open-in-view is enabled by default. Therefore, database queries may be performed during view rendering. Explicitly configure spring.jpa.open-in-view to disable this warning
2025-06-16 11:49:20.345  INFO 32956 --- [main] o.s.b.w.embedded.tomcat.TomcatWebServer  : Tomcat started on port(s): 8080 (http) with context path ''
2025-06-16 11:49:20.349  INFO 32956 --- [main] com.example.demo.DemoApplication         : Started DemoApplication in 2.288 seconds (JVM running for 2.518)
2025-06-16 11:49:23.435  INFO 32956 --- [http-nio-8080-exec-1] o.a.c.c.C.[Tomcat].[localhost].[/]       : Initializing Spring DispatcherServlet 'dispatcherServlet'
2025-06-16 11:49:23.435  INFO 32956 --- [http-nio-8080-exec-1] o.s.web.servlet.DispatcherServlet        : Initializing Servlet 'dispatcherServlet'
2025-06-16 11:49:23.436  INFO 32956 --- [http-nio-8080-exec-1] o.s.web.servlet.DispatcherServlet        : Completed initialization in 1 ms
2025-06-16 11:49:23.480  INFO 32956 --- [http-nio-8080-exec-1] com.example.aop.AspectConfig             : Inside before advice
2025-06-16 11:49:28.462  INFO 32956 --- [http-nio-8080-exec-1] c.example.controller.StudentController   : studentResponses: [StudentResponse(id=1, firstName=John, lastName=Smith, email=john.smith@university.edu, fullName=John Smith, street=123 Main Street, city=New York, subjects=[com.example.response.SubjectResponse@4062160d, com.example.response.SubjectResponse@69bdf64c, com.example.response.SubjectResponse@4a6c0e79]), StudentResponse(id=21, firstName=David, lastName=Lopez, email=david.lopez@university.edu, fullName=David Lopez, street=135 Basswood Way, city=Boston, subjects=[com.example.response.SubjectResponse@119d6b7e, com.example.response.SubjectResponse@419fd53e, com.example.response.SubjectResponse@479644d7])]
2025-06-16 11:53:34.668  INFO 33900 --- [main] com.example.demo.DemoApplication         : Starting DemoApplication using Java 1.8.0_452 on CY3XV9JQ7V with PID 33900 (/Users/gauravmahaur/SpringBoot Practice/Demo/target/classes started by gauravmahaur in /Users/gauravmahaur/SpringBoot Practice)
2025-06-16 11:53:34.670  INFO 33900 --- [main] com.example.demo.DemoApplication         : No active profile set, falling back to 1 default profile: "default"
2025-06-16 11:53:34.893  INFO 33900 --- [main] .s.d.r.c.RepositoryConfigurationDelegate : Bootstrapping Spring Data JPA repositories in DEFAULT mode.
2025-06-16 11:53:34.914  INFO 33900 --- [main] .s.d.r.c.RepositoryConfigurationDelegate : Finished Spring Data repository scanning in 17 ms. Found 3 JPA repository interfaces.
2025-06-16 11:53:35.318  INFO 33900 --- [main] o.s.b.w.embedded.tomcat.TomcatWebServer  : Tomcat initialized with port(s): 8080 (http)
2025-06-16 11:53:35.323  INFO 33900 --- [main] o.apache.catalina.core.StandardService   : Starting service [Tomcat]
2025-06-16 11:53:35.323  INFO 33900 --- [main] org.apache.catalina.core.StandardEngine  : Starting Servlet engine: [Apache Tomcat/9.0.83]
2025-06-16 11:53:35.355  INFO 33900 --- [main] o.a.c.c.C.[Tomcat].[localhost].[/]       : Initializing Spring embedded WebApplicationContext
2025-06-16 11:53:35.355  INFO 33900 --- [main] w.s.c.ServletWebServerApplicationContext : Root WebApplicationContext: initialization completed in 660 ms
2025-06-16 11:53:35.418  INFO 33900 --- [main] com.zaxxer.hikari.HikariDataSource       : HikariPool-1 - Starting...
2025-06-16 11:53:35.564  INFO 33900 --- [main] com.zaxxer.hikari.HikariDataSource       : HikariPool-1 - Start completed.
2025-06-16 11:53:35.591  INFO 33900 --- [main] o.hibernate.jpa.internal.util.LogHelper  : HHH000204: Processing PersistenceUnitInfo [name: default]
2025-06-16 11:53:35.612  INFO 33900 --- [main] org.hibernate.Version                    : HHH000412: Hibernate ORM core version 5.6.15.Final
2025-06-16 11:53:35.692  INFO 33900 --- [main] o.hibernate.annotations.common.Version   : HCANN000001: Hibernate Commons Annotations {5.1.2.Final}
2025-06-16 11:53:35.743  INFO 33900 --- [main] org.hibernate.dialect.Dialect            : HHH000400: Using dialect: org.hibernate.dialect.MySQL57Dialect
2025-06-16 11:53:36.091  INFO 33900 --- [main] o.h.e.t.j.p.i.JtaPlatformInitiator       : HHH000490: Using JtaPlatform implementation: [org.hibernate.engine.transaction.jta.platform.internal.NoJtaPlatform]
2025-06-16 11:53:36.098  INFO 33900 --- [main] j.LocalContainerEntityManagerFactoryBean : Initialized JPA EntityManagerFactory for persistence unit 'default'
2025-06-16 11:53:36.492  WARN 33900 --- [main] JpaBaseConfiguration$JpaWebConfiguration : spring.jpa.open-in-view is enabled by default. Therefore, database queries may be performed during view rendering. Explicitly configure spring.jpa.open-in-view to disable this warning
2025-06-16 11:53:36.966  INFO 33900 --- [main] o.s.b.w.embedded.tomcat.TomcatWebServer  : Tomcat started on port(s): 8080 (http) with context path ''
2025-06-16 11:53:36.971  INFO 33900 --- [main] com.example.demo.DemoApplication         : Started DemoApplication in 2.54 seconds (JVM running for 2.743)
2025-06-16 11:53:42.714  INFO 33900 --- [http-nio-8080-exec-1] o.a.c.c.C.[Tomcat].[localhost].[/]       : Initializing Spring DispatcherServlet 'dispatcherServlet'
2025-06-16 11:53:42.714  INFO 33900 --- [http-nio-8080-exec-1] o.s.web.servlet.DispatcherServlet        : Initializing Servlet 'dispatcherServlet'
2025-06-16 11:53:42.715  INFO 33900 --- [http-nio-8080-exec-1] o.s.web.servlet.DispatcherServlet        : Completed initialization in 1 ms
2025-06-16 11:53:42.766  INFO 33900 --- [http-nio-8080-exec-1] com.example.aop.AspectConfig             : Inside before advice
2025-06-16 11:54:03.810  INFO 33990 --- [main] com.example.demo.DemoApplication         : Starting DemoApplication using Java 1.8.0_452 on CY3XV9JQ7V with PID 33990 (/Users/gauravmahaur/SpringBoot Practice/Demo/target/classes started by gauravmahaur in /Users/gauravmahaur/SpringBoot Practice)
2025-06-16 11:54:03.812  INFO 33990 --- [main] com.example.demo.DemoApplication         : No active profile set, falling back to 1 default profile: "default"
2025-06-16 11:54:04.029  INFO 33990 --- [main] .s.d.r.c.RepositoryConfigurationDelegate : Bootstrapping Spring Data JPA repositories in DEFAULT mode.
2025-06-16 11:54:04.049  INFO 33990 --- [main] .s.d.r.c.RepositoryConfigurationDelegate : Finished Spring Data repository scanning in 16 ms. Found 3 JPA repository interfaces.
2025-06-16 11:54:04.433  INFO 33990 --- [main] o.s.b.w.embedded.tomcat.TomcatWebServer  : Tomcat initialized with port(s): 8080 (http)
2025-06-16 11:54:04.438  INFO 33990 --- [main] o.apache.catalina.core.StandardService   : Starting service [Tomcat]
2025-06-16 11:54:04.438  INFO 33990 --- [main] org.apache.catalina.core.StandardEngine  : Starting Servlet engine: [Apache Tomcat/9.0.83]
2025-06-16 11:54:04.473  INFO 33990 --- [main] o.a.c.c.C.[Tomcat].[localhost].[/]       : Initializing Spring embedded WebApplicationContext
2025-06-16 11:54:04.474  INFO 33990 --- [main] w.s.c.ServletWebServerApplicationContext : Root WebApplicationContext: initialization completed in 635 ms
2025-06-16 11:54:04.527  INFO 33990 --- [main] com.zaxxer.hikari.HikariDataSource       : HikariPool-1 - Starting...
2025-06-16 11:54:04.674  INFO 33990 --- [main] com.zaxxer.hikari.HikariDataSource       : HikariPool-1 - Start completed.
2025-06-16 11:54:04.702  INFO 33990 --- [main] o.hibernate.jpa.internal.util.LogHelper  : HHH000204: Processing PersistenceUnitInfo [name: default]
2025-06-16 11:54:04.718  INFO 33990 --- [main] org.hibernate.Version                    : HHH000412: Hibernate ORM core version 5.6.15.Final
2025-06-16 11:54:04.783  INFO 33990 --- [main] o.hibernate.annotations.common.Version   : HCANN000001: Hibernate Commons Annotations {5.1.2.Final}
2025-06-16 11:54:04.826  INFO 33990 --- [main] org.hibernate.dialect.Dialect            : HHH000400: Using dialect: org.hibernate.dialect.MySQL57Dialect
2025-06-16 11:54:05.160  INFO 33990 --- [main] o.h.e.t.j.p.i.JtaPlatformInitiator       : HHH000490: Using JtaPlatform implementation: [org.hibernate.engine.transaction.jta.platform.internal.NoJtaPlatform]
2025-06-16 11:54:05.164  INFO 33990 --- [main] j.LocalContainerEntityManagerFactoryBean : Initialized JPA EntityManagerFactory for persistence unit 'default'
2025-06-16 11:54:05.543  WARN 33990 --- [main] JpaBaseConfiguration$JpaWebConfiguration : spring.jpa.open-in-view is enabled by default. Therefore, database queries may be performed during view rendering. Explicitly configure spring.jpa.open-in-view to disable this warning
2025-06-16 11:54:06.014  INFO 33990 --- [main] o.s.b.w.embedded.tomcat.TomcatWebServer  : Tomcat started on port(s): 8080 (http) with context path ''
2025-06-16 11:54:06.018  INFO 33990 --- [main] com.example.demo.DemoApplication         : Started DemoApplication in 2.369 seconds (JVM running for 2.623)
2025-06-16 11:54:07.170  INFO 33990 --- [http-nio-8080-exec-1] o.a.c.c.C.[Tomcat].[localhost].[/]       : Initializing Spring DispatcherServlet 'dispatcherServlet'
2025-06-16 11:54:07.170  INFO 33990 --- [http-nio-8080-exec-1] o.s.web.servlet.DispatcherServlet        : Initializing Servlet 'dispatcherServlet'
2025-06-16 11:54:07.171  INFO 33990 --- [http-nio-8080-exec-1] o.s.web.servlet.DispatcherServlet        : Completed initialization in 1 ms
2025-06-16 11:54:11.877  INFO 33990 --- [http-nio-8080-exec-1] com.example.aop.AspectConfig             : Inside before advice
2025-06-16 11:54:14.547  INFO 33990 --- [http-nio-8080-exec-1] c.example.controller.StudentController   : studentResponses: [StudentResponse(id=1, firstName=John, lastName=Smith, email=john.smith@university.edu, fullName=John Smith, street=123 Main Street, city=New York, subjects=[com.example.response.SubjectResponse@4bfccaee, com.example.response.SubjectResponse@74a937b5, com.example.response.SubjectResponse@75e04659]), StudentResponse(id=21, firstName=David, lastName=Lopez, email=david.lopez@university.edu, fullName=David Lopez, street=135 Basswood Way, city=Boston, subjects=[com.example.response.SubjectResponse@272970b4, com.example.response.SubjectResponse@a2f6505, com.example.response.SubjectResponse@3786ff6a])]
2025-06-16 11:59:19.447  INFO 34589 --- [main] com.example.demo.DemoApplication         : Starting DemoApplication using Java 1.8.0_452 on CY3XV9JQ7V with PID 34589 (/Users/gauravmahaur/SpringBoot Practice/Demo/target/classes started by gauravmahaur in /Users/gauravmahaur/SpringBoot Practice)
2025-06-16 11:59:19.449  INFO 34589 --- [main] com.example.demo.DemoApplication         : No active profile set, falling back to 1 default profile: "default"
2025-06-16 11:59:19.684  INFO 34589 --- [main] .s.d.r.c.RepositoryConfigurationDelegate : Bootstrapping Spring Data JPA repositories in DEFAULT mode.
2025-06-16 11:59:19.707  INFO 34589 --- [main] .s.d.r.c.RepositoryConfigurationDelegate : Finished Spring Data repository scanning in 18 ms. Found 3 JPA repository interfaces.
2025-06-16 11:59:20.153  INFO 34589 --- [main] o.s.b.w.embedded.tomcat.TomcatWebServer  : Tomcat initialized with port(s): 8080 (http)
2025-06-16 11:59:20.157  INFO 34589 --- [main] o.apache.catalina.core.StandardService   : Starting service [Tomcat]
2025-06-16 11:59:20.158  INFO 34589 --- [main] org.apache.catalina.core.StandardEngine  : Starting Servlet engine: [Apache Tomcat/9.0.83]
2025-06-16 11:59:20.196  INFO 34589 --- [main] o.a.c.c.C.[Tomcat].[localhost].[/]       : Initializing Spring embedded WebApplicationContext
2025-06-16 11:59:20.197  INFO 34589 --- [main] w.s.c.ServletWebServerApplicationContext : Root WebApplicationContext: initialization completed in 721 ms
2025-06-16 11:59:20.257  INFO 34589 --- [main] com.zaxxer.hikari.HikariDataSource       : HikariPool-1 - Starting...
2025-06-16 11:59:20.430  INFO 34589 --- [main] com.zaxxer.hikari.HikariDataSource       : HikariPool-1 - Start completed.
2025-06-16 11:59:20.455  INFO 34589 --- [main] o.hibernate.jpa.internal.util.LogHelper  : HHH000204: Processing PersistenceUnitInfo [name: default]
2025-06-16 11:59:20.476  INFO 34589 --- [main] org.hibernate.Version                    : HHH000412: Hibernate ORM core version 5.6.15.Final
2025-06-16 11:59:20.557  INFO 34589 --- [main] o.hibernate.annotations.common.Version   : HCANN000001: Hibernate Commons Annotations {5.1.2.Final}
2025-06-16 11:59:20.611  INFO 34589 --- [main] org.hibernate.dialect.Dialect            : HHH000400: Using dialect: org.hibernate.dialect.MySQL57Dialect
2025-06-16 11:59:20.950  INFO 34589 --- [main] o.h.e.t.j.p.i.JtaPlatformInitiator       : HHH000490: Using JtaPlatform implementation: [org.hibernate.engine.transaction.jta.platform.internal.NoJtaPlatform]
2025-06-16 11:59:20.954  INFO 34589 --- [main] j.LocalContainerEntityManagerFactoryBean : Initialized JPA EntityManagerFactory for persistence unit 'default'
2025-06-16 11:59:21.337  WARN 34589 --- [main] JpaBaseConfiguration$JpaWebConfiguration : spring.jpa.open-in-view is enabled by default. Therefore, database queries may be performed during view rendering. Explicitly configure spring.jpa.open-in-view to disable this warning
2025-06-16 11:59:21.757  INFO 34589 --- [main] o.s.b.w.embedded.tomcat.TomcatWebServer  : Tomcat started on port(s): 8080 (http) with context path ''
2025-06-16 11:59:21.762  INFO 34589 --- [main] com.example.demo.DemoApplication         : Started DemoApplication in 2.499 seconds (JVM running for 2.773)
2025-06-16 11:59:21.896  INFO 34589 --- [http-nio-8080-exec-2] o.a.c.c.C.[Tomcat].[localhost].[/]       : Initializing Spring DispatcherServlet 'dispatcherServlet'
2025-06-16 11:59:21.896  INFO 34589 --- [http-nio-8080-exec-2] o.s.web.servlet.DispatcherServlet        : Initializing Servlet 'dispatcherServlet'
2025-06-16 11:59:21.897  INFO 34589 --- [http-nio-8080-exec-2] o.s.web.servlet.DispatcherServlet        : Completed initialization in 1 ms
2025-06-16 11:59:30.394  INFO 34589 --- [http-nio-8080-exec-2] com.example.aop.AspectConfig             : Request: InQueryRequest(firstNames=[john, david])
2025-06-16 11:59:38.466  INFO 34589 --- [http-nio-8080-exec-2] c.example.controller.StudentController   : studentResponses: [StudentResponse(id=1, firstName=John, lastName=Smith, email=john.smith@university.edu, fullName=John Smith, street=123 Main Street, city=New York, subjects=[com.example.response.SubjectResponse@40594e65, com.example.response.SubjectResponse@b420d1b, com.example.response.SubjectResponse@7cc3966d]), StudentResponse(id=21, firstName=David, lastName=Lopez, email=david.lopez@university.edu, fullName=David Lopez, street=135 Basswood Way, city=Boston, subjects=[com.example.response.SubjectResponse@19719a2, com.example.response.SubjectResponse@bb75593, com.example.response.SubjectResponse@1086ab2b])]
2025-06-16 12:00:07.056  INFO 34589 --- [http-nio-8080-exec-4] c.example.controller.StudentController   : getAllStudents method info
2025-06-16 12:00:07.057 ERROR 34589 --- [http-nio-8080-exec-4] c.example.controller.StudentController   : getAllStudents method error
2025-06-16 12:00:07.057  WARN 34589 --- [http-nio-8080-exec-4] c.example.controller.StudentController   : getAllStudents method warn
2025-06-16 12:11:12.641  INFO 35778 --- [main] com.example.demo.DemoApplication         : Starting DemoApplication using Java 1.8.0_452 on CY3XV9JQ7V with PID 35778 (/Users/gauravmahaur/SpringBoot Practice/Demo/target/classes started by gauravmahaur in /Users/gauravmahaur/SpringBoot Practice)
2025-06-16 12:11:12.643  INFO 35778 --- [main] com.example.demo.DemoApplication         : No active profile set, falling back to 1 default profile: "default"
2025-06-16 12:11:12.891  INFO 35778 --- [main] .s.d.r.c.RepositoryConfigurationDelegate : Bootstrapping Spring Data JPA repositories in DEFAULT mode.
2025-06-16 12:11:12.914  INFO 35778 --- [main] .s.d.r.c.RepositoryConfigurationDelegate : Finished Spring Data repository scanning in 19 ms. Found 3 JPA repository interfaces.
2025-06-16 12:11:13.339  INFO 35778 --- [main] o.s.b.w.embedded.tomcat.TomcatWebServer  : Tomcat initialized with port(s): 8080 (http)
2025-06-16 12:11:13.343  INFO 35778 --- [main] o.apache.catalina.core.StandardService   : Starting service [Tomcat]
2025-06-16 12:11:13.343  INFO 35778 --- [main] org.apache.catalina.core.StandardEngine  : Starting Servlet engine: [Apache Tomcat/9.0.83]
2025-06-16 12:11:13.380  INFO 35778 --- [main] o.a.c.c.C.[Tomcat].[localhost].[/]       : Initializing Spring embedded WebApplicationContext
2025-06-16 12:11:13.380  INFO 35778 --- [main] w.s.c.ServletWebServerApplicationContext : Root WebApplicationContext: initialization completed in 701 ms
2025-06-16 12:11:13.449  INFO 35778 --- [main] com.zaxxer.hikari.HikariDataSource       : HikariPool-1 - Starting...
2025-06-16 12:11:13.618  INFO 35778 --- [main] com.zaxxer.hikari.HikariDataSource       : HikariPool-1 - Start completed.
2025-06-16 12:11:13.650  INFO 35778 --- [main] o.hibernate.jpa.internal.util.LogHelper  : HHH000204: Processing PersistenceUnitInfo [name: default]
2025-06-16 12:11:13.671  INFO 35778 --- [main] org.hibernate.Version                    : HHH000412: Hibernate ORM core version 5.6.15.Final
2025-06-16 12:11:13.745  INFO 35778 --- [main] o.hibernate.annotations.common.Version   : HCANN000001: Hibernate Commons Annotations {5.1.2.Final}
2025-06-16 12:11:13.802  INFO 35778 --- [main] org.hibernate.dialect.Dialect            : HHH000400: Using dialect: org.hibernate.dialect.MySQL57Dialect
2025-06-16 12:11:14.203  INFO 35778 --- [main] o.h.e.t.j.p.i.JtaPlatformInitiator       : HHH000490: Using JtaPlatform implementation: [org.hibernate.engine.transaction.jta.platform.internal.NoJtaPlatform]
2025-06-16 12:11:14.210  INFO 35778 --- [main] j.LocalContainerEntityManagerFactoryBean : Initialized JPA EntityManagerFactory for persistence unit 'default'
2025-06-16 12:11:14.617  WARN 35778 --- [main] JpaBaseConfiguration$JpaWebConfiguration : spring.jpa.open-in-view is enabled by default. Therefore, database queries may be performed during view rendering. Explicitly configure spring.jpa.open-in-view to disable this warning
2025-06-16 12:11:15.054  INFO 35778 --- [main] o.s.b.w.embedded.tomcat.TomcatWebServer  : Tomcat started on port(s): 8080 (http) with context path ''
2025-06-16 12:11:15.058  INFO 35778 --- [main] com.example.demo.DemoApplication         : Started DemoApplication in 2.677 seconds (JVM running for 2.897)
2025-06-16 12:11:20.490  INFO 35778 --- [http-nio-8080-exec-1] o.a.c.c.C.[Tomcat].[localhost].[/]       : Initializing Spring DispatcherServlet 'dispatcherServlet'
2025-06-16 12:11:20.490  INFO 35778 --- [http-nio-8080-exec-1] o.s.web.servlet.DispatcherServlet        : Initializing Servlet 'dispatcherServlet'
2025-06-16 12:11:20.491  INFO 35778 --- [http-nio-8080-exec-1] o.s.web.servlet.DispatcherServlet        : Completed initialization in 1 ms
2025-06-16 12:11:45.139  INFO 35778 --- [http-nio-8080-exec-3] c.example.controller.StudentController   : studentResponses: [StudentResponse(id=1, firstName=John, lastName=Smith, email=john.smith@university.edu, fullName=John Smith, street=123 Main Street, city=New York, subjects=[com.example.response.SubjectResponse@2f107438, com.example.response.SubjectResponse@515e8cfa, com.example.response.SubjectResponse@18321bd]), StudentResponse(id=21, firstName=David, lastName=Lopez, email=david.lopez@university.edu, fullName=David Lopez, street=135 Basswood Way, city=Boston, subjects=[com.example.response.SubjectResponse@461471e6, com.example.response.SubjectResponse@6a097ca8, com.example.response.SubjectResponse@4f95044f])]
2025-06-16 12:11:47.155  INFO 35778 --- [http-nio-8080-exec-3] com.example.aop.AspectConfig             : Request: InQueryRequest(firstNames=[john, david])
2025-06-16 12:15:56.136  INFO 36322 --- [main] com.example.demo.DemoApplication         : Starting DemoApplication using Java 1.8.0_452 on CY3XV9JQ7V with PID 36322 (/Users/gauravmahaur/SpringBoot Practice/Demo/target/classes started by gauravmahaur in /Users/gauravmahaur/SpringBoot Practice)
2025-06-16 12:15:56.138  INFO 36322 --- [main] com.example.demo.DemoApplication         : No active profile set, falling back to 1 default profile: "default"
2025-06-16 12:15:56.343  INFO 36322 --- [main] .s.d.r.c.RepositoryConfigurationDelegate : Bootstrapping Spring Data JPA repositories in DEFAULT mode.
2025-06-16 12:15:56.363  INFO 36322 --- [main] .s.d.r.c.RepositoryConfigurationDelegate : Finished Spring Data repository scanning in 16 ms. Found 3 JPA repository interfaces.
2025-06-16 12:15:56.768  INFO 36322 --- [main] o.s.b.w.embedded.tomcat.TomcatWebServer  : Tomcat initialized with port(s): 8080 (http)
2025-06-16 12:15:56.773  INFO 36322 --- [main] o.apache.catalina.core.StandardService   : Starting service [Tomcat]
2025-06-16 12:15:56.773  INFO 36322 --- [main] org.apache.catalina.core.StandardEngine  : Starting Servlet engine: [Apache Tomcat/9.0.83]
2025-06-16 12:15:56.802  INFO 36322 --- [main] o.a.c.c.C.[Tomcat].[localhost].[/]       : Initializing Spring embedded WebApplicationContext
2025-06-16 12:15:56.802  INFO 36322 --- [main] w.s.c.ServletWebServerApplicationContext : Root WebApplicationContext: initialization completed in 640 ms
2025-06-16 12:15:56.860  INFO 36322 --- [main] com.zaxxer.hikari.HikariDataSource       : HikariPool-1 - Starting...
2025-06-16 12:15:57.005  INFO 36322 --- [main] com.zaxxer.hikari.HikariDataSource       : HikariPool-1 - Start completed.
2025-06-16 12:15:57.028  INFO 36322 --- [main] o.hibernate.jpa.internal.util.LogHelper  : HHH000204: Processing PersistenceUnitInfo [name: default]
2025-06-16 12:15:57.045  INFO 36322 --- [main] org.hibernate.Version                    : HHH000412: Hibernate ORM core version 5.6.15.Final
2025-06-16 12:15:57.112  INFO 36322 --- [main] o.hibernate.annotations.common.Version   : HCANN000001: Hibernate Commons Annotations {5.1.2.Final}
2025-06-16 12:15:57.155  INFO 36322 --- [main] org.hibernate.dialect.Dialect            : HHH000400: Using dialect: org.hibernate.dialect.MySQL57Dialect
2025-06-16 12:15:57.486  INFO 36322 --- [main] o.h.e.t.j.p.i.JtaPlatformInitiator       : HHH000490: Using JtaPlatform implementation: [org.hibernate.engine.transaction.jta.platform.internal.NoJtaPlatform]
2025-06-16 12:15:57.491  INFO 36322 --- [main] j.LocalContainerEntityManagerFactoryBean : Initialized JPA EntityManagerFactory for persistence unit 'default'
2025-06-16 12:15:57.867  WARN 36322 --- [main] JpaBaseConfiguration$JpaWebConfiguration : spring.jpa.open-in-view is enabled by default. Therefore, database queries may be performed during view rendering. Explicitly configure spring.jpa.open-in-view to disable this warning
2025-06-16 12:15:58.325  INFO 36322 --- [main] o.s.b.w.embedded.tomcat.TomcatWebServer  : Tomcat started on port(s): 8080 (http) with context path ''
2025-06-16 12:15:58.329  INFO 36322 --- [main] com.example.demo.DemoApplication         : Started DemoApplication in 2.354 seconds (JVM running for 2.615)
2025-06-16 12:16:07.939  INFO 36322 --- [http-nio-8080-exec-1] o.a.c.c.C.[Tomcat].[localhost].[/]       : Initializing Spring DispatcherServlet 'dispatcherServlet'
2025-06-16 12:16:07.940  INFO 36322 --- [http-nio-8080-exec-1] o.s.web.servlet.DispatcherServlet        : Initializing Servlet 'dispatcherServlet'
2025-06-16 12:16:07.941  INFO 36322 --- [http-nio-8080-exec-1] o.s.web.servlet.DispatcherServlet        : Completed initialization in 1 ms
2025-06-16 12:16:14.445  INFO 36322 --- [http-nio-8080-exec-1] c.example.controller.StudentController   : studentResponses: [StudentResponse(id=1, firstName=John, lastName=Smith, email=john.smith@university.edu, fullName=John Smith, street=123 Main Street, city=New York, subjects=[com.example.response.SubjectResponse@23bccfa3, com.example.response.SubjectResponse@7d8fb022, com.example.response.SubjectResponse@7eb8a94c]), StudentResponse(id=21, firstName=David, lastName=Lopez, email=david.lopez@university.edu, fullName=David Lopez, street=135 Basswood Way, city=Boston, subjects=[com.example.response.SubjectResponse@2f27c792, com.example.response.SubjectResponse@6a23d402, com.example.response.SubjectResponse@6a2d67c4])]
2025-06-16 12:16:34.557  INFO 36322 --- [http-nio-8080-exec-1] com.example.aop.AspectConfig             : Request: InQueryRequest(firstNames=[john, david])
2025-06-16 12:16:43.327  INFO 36322 --- [http-nio-8080-exec-1] com.example.aop.AspectConfig             : Result: [StudentResponse(id=1, firstName=John, lastName=Smith, email=john.smith@university.edu, fullName=John Smith, street=123 Main Street, city=New York, subjects=[com.example.response.SubjectResponse@23bccfa3, com.example.response.SubjectResponse@7d8fb022, com.example.response.SubjectResponse@7eb8a94c]), StudentResponse(id=21, firstName=David, lastName=Lopez, email=david.lopez@university.edu, fullName=David Lopez, street=135 Basswood Way, city=Boston, subjects=[com.example.response.SubjectResponse@2f27c792, com.example.response.SubjectResponse@6a23d402, com.example.response.SubjectResponse@6a2d67c4])]
2025-06-16 12:26:33.041  INFO 37500 --- [main] com.example.demo.DemoApplication         : Starting DemoApplication using Java 1.8.0_452 on CY3XV9JQ7V with PID 37500 (/Users/gauravmahaur/SpringBoot Practice/Demo/target/classes started by gauravmahaur in /Users/gauravmahaur/SpringBoot Practice)
2025-06-16 12:26:33.042  INFO 37500 --- [main] com.example.demo.DemoApplication         : No active profile set, falling back to 1 default profile: "default"
2025-06-16 12:26:33.274  INFO 37500 --- [main] .s.d.r.c.RepositoryConfigurationDelegate : Bootstrapping Spring Data JPA repositories in DEFAULT mode.
2025-06-16 12:26:33.296  INFO 37500 --- [main] .s.d.r.c.RepositoryConfigurationDelegate : Finished Spring Data repository scanning in 18 ms. Found 3 JPA repository interfaces.
2025-06-16 12:26:33.741  INFO 37500 --- [main] o.s.b.w.embedded.tomcat.TomcatWebServer  : Tomcat initialized with port(s): 8080 (http)
2025-06-16 12:26:33.746  INFO 37500 --- [main] o.apache.catalina.core.StandardService   : Starting service [Tomcat]
2025-06-16 12:26:33.746  INFO 37500 --- [main] org.apache.catalina.core.StandardEngine  : Starting Servlet engine: [Apache Tomcat/9.0.83]
2025-06-16 12:26:33.779  INFO 37500 --- [main] o.a.c.c.C.[Tomcat].[localhost].[/]       : Initializing Spring embedded WebApplicationContext
2025-06-16 12:26:33.779  INFO 37500 --- [main] w.s.c.ServletWebServerApplicationContext : Root WebApplicationContext: initialization completed in 710 ms
2025-06-16 12:26:33.842  INFO 37500 --- [main] com.zaxxer.hikari.HikariDataSource       : HikariPool-1 - Starting...
2025-06-16 12:26:34.021  INFO 37500 --- [main] com.zaxxer.hikari.HikariDataSource       : HikariPool-1 - Start completed.
2025-06-16 12:26:34.051  INFO 37500 --- [main] o.hibernate.jpa.internal.util.LogHelper  : HHH000204: Processing PersistenceUnitInfo [name: default]
2025-06-16 12:26:34.077  INFO 37500 --- [main] org.hibernate.Version                    : HHH000412: Hibernate ORM core version 5.6.15.Final
2025-06-16 12:26:34.153  INFO 37500 --- [main] o.hibernate.annotations.common.Version   : HCANN000001: Hibernate Commons Annotations {5.1.2.Final}
2025-06-16 12:26:34.204  INFO 37500 --- [main] org.hibernate.dialect.Dialect            : HHH000400: Using dialect: org.hibernate.dialect.MySQL57Dialect
2025-06-16 12:26:34.568  INFO 37500 --- [main] o.h.e.t.j.p.i.JtaPlatformInitiator       : HHH000490: Using JtaPlatform implementation: [org.hibernate.engine.transaction.jta.platform.internal.NoJtaPlatform]
2025-06-16 12:26:34.574  INFO 37500 --- [main] j.LocalContainerEntityManagerFactoryBean : Initialized JPA EntityManagerFactory for persistence unit 'default'
2025-06-16 12:26:34.997  WARN 37500 --- [main] JpaBaseConfiguration$JpaWebConfiguration : spring.jpa.open-in-view is enabled by default. Therefore, database queries may be performed during view rendering. Explicitly configure spring.jpa.open-in-view to disable this warning
2025-06-16 12:26:35.425  INFO 37500 --- [main] o.s.b.w.embedded.tomcat.TomcatWebServer  : Tomcat started on port(s): 8080 (http) with context path ''
2025-06-16 12:26:35.432  INFO 37500 --- [main] com.example.demo.DemoApplication         : Started DemoApplication in 2.578 seconds (JVM running for 2.847)
2025-06-16 12:26:37.701  INFO 37500 --- [http-nio-8080-exec-2] o.a.c.c.C.[Tomcat].[localhost].[/]       : Initializing Spring DispatcherServlet 'dispatcherServlet'
2025-06-16 12:26:37.702  INFO 37500 --- [http-nio-8080-exec-2] o.s.web.servlet.DispatcherServlet        : Initializing Servlet 'dispatcherServlet'
2025-06-16 12:26:37.702  INFO 37500 --- [http-nio-8080-exec-2] o.s.web.servlet.DispatcherServlet        : Completed initialization in 0 ms
2025-06-16 12:26:58.087  INFO 37500 --- [http-nio-8080-exec-3] com.example.aop.AspectConfig             : Request: InQueryRequest(firstNames=[john, david])
2025-06-16 12:27:16.272  INFO 37578 --- [main] com.example.demo.DemoApplication         : Starting DemoApplication using Java 1.8.0_452 on CY3XV9JQ7V with PID 37578 (/Users/gauravmahaur/SpringBoot Practice/Demo/target/classes started by gauravmahaur in /Users/gauravmahaur/SpringBoot Practice)
2025-06-16 12:27:16.274  INFO 37578 --- [main] com.example.demo.DemoApplication         : No active profile set, falling back to 1 default profile: "default"
2025-06-16 12:27:16.478  INFO 37578 --- [main] .s.d.r.c.RepositoryConfigurationDelegate : Bootstrapping Spring Data JPA repositories in DEFAULT mode.
2025-06-16 12:27:16.498  INFO 37578 --- [main] .s.d.r.c.RepositoryConfigurationDelegate : Finished Spring Data repository scanning in 16 ms. Found 3 JPA repository interfaces.
2025-06-16 12:27:16.891  INFO 37578 --- [main] o.s.b.w.embedded.tomcat.TomcatWebServer  : Tomcat initialized with port(s): 8080 (http)
2025-06-16 12:27:16.895  INFO 37578 --- [main] o.apache.catalina.core.StandardService   : Starting service [Tomcat]
2025-06-16 12:27:16.895  INFO 37578 --- [main] org.apache.catalina.core.StandardEngine  : Starting Servlet engine: [Apache Tomcat/9.0.83]
2025-06-16 12:27:16.930  INFO 37578 --- [main] o.a.c.c.C.[Tomcat].[localhost].[/]       : Initializing Spring embedded WebApplicationContext
2025-06-16 12:27:16.930  INFO 37578 --- [main] w.s.c.ServletWebServerApplicationContext : Root WebApplicationContext: initialization completed in 632 ms
2025-06-16 12:27:16.992  INFO 37578 --- [main] com.zaxxer.hikari.HikariDataSource       : HikariPool-1 - Starting...
2025-06-16 12:27:17.136  INFO 37578 --- [main] com.zaxxer.hikari.HikariDataSource       : HikariPool-1 - Start completed.
2025-06-16 12:27:17.159  INFO 37578 --- [main] o.hibernate.jpa.internal.util.LogHelper  : HHH000204: Processing PersistenceUnitInfo [name: default]
2025-06-16 12:27:17.174  INFO 37578 --- [main] org.hibernate.Version                    : HHH000412: Hibernate ORM core version 5.6.15.Final
2025-06-16 12:27:17.238  INFO 37578 --- [main] o.hibernate.annotations.common.Version   : HCANN000001: Hibernate Commons Annotations {5.1.2.Final}
2025-06-16 12:27:17.281  INFO 37578 --- [main] org.hibernate.dialect.Dialect            : HHH000400: Using dialect: org.hibernate.dialect.MySQL57Dialect
2025-06-16 12:27:17.621  INFO 37578 --- [main] o.h.e.t.j.p.i.JtaPlatformInitiator       : HHH000490: Using JtaPlatform implementation: [org.hibernate.engine.transaction.jta.platform.internal.NoJtaPlatform]
2025-06-16 12:27:17.627  INFO 37578 --- [main] j.LocalContainerEntityManagerFactoryBean : Initialized JPA EntityManagerFactory for persistence unit 'default'
2025-06-16 12:27:18.000  WARN 37578 --- [main] JpaBaseConfiguration$JpaWebConfiguration : spring.jpa.open-in-view is enabled by default. Therefore, database queries may be performed during view rendering. Explicitly configure spring.jpa.open-in-view to disable this warning
2025-06-16 12:27:18.431  INFO 37578 --- [main] o.s.b.w.embedded.tomcat.TomcatWebServer  : Tomcat started on port(s): 8080 (http) with context path ''
2025-06-16 12:27:18.436  INFO 37578 --- [main] com.example.demo.DemoApplication         : Started DemoApplication in 2.311 seconds (JVM running for 2.543)
2025-06-16 12:27:19.723  INFO 37578 --- [http-nio-8080-exec-2] o.a.c.c.C.[Tomcat].[localhost].[/]       : Initializing Spring DispatcherServlet 'dispatcherServlet'
2025-06-16 12:27:19.724  INFO 37578 --- [http-nio-8080-exec-2] o.s.web.servlet.DispatcherServlet        : Initializing Servlet 'dispatcherServlet'
2025-06-16 12:27:19.724  INFO 37578 --- [http-nio-8080-exec-2] o.s.web.servlet.DispatcherServlet        : Completed initialization in 0 ms
2025-06-16 12:27:29.057  INFO 37578 --- [http-nio-8080-exec-2] com.example.aop.AspectConfig             : Request: InQueryRequest(firstNames=[john, david])
2025-06-16 12:36:16.997  INFO 38481 --- [main] com.example.demo.DemoApplication         : Starting DemoApplication using Java 1.8.0_452 on CY3XV9JQ7V with PID 38481 (/Users/gauravmahaur/SpringBoot Practice/Demo/target/classes started by gauravmahaur in /Users/gauravmahaur/SpringBoot Practice)
2025-06-16 12:36:16.999  INFO 38481 --- [main] com.example.demo.DemoApplication         : No active profile set, falling back to 1 default profile: "default"
2025-06-16 12:36:17.202  INFO 38481 --- [main] .s.d.r.c.RepositoryConfigurationDelegate : Bootstrapping Spring Data JPA repositories in DEFAULT mode.
2025-06-16 12:36:17.223  INFO 38481 --- [main] .s.d.r.c.RepositoryConfigurationDelegate : Finished Spring Data repository scanning in 17 ms. Found 3 JPA repository interfaces.
2025-06-16 12:36:17.604  INFO 38481 --- [main] o.s.b.w.embedded.tomcat.TomcatWebServer  : Tomcat initialized with port(s): 8080 (http)
2025-06-16 12:36:17.609  INFO 38481 --- [main] o.apache.catalina.core.StandardService   : Starting service [Tomcat]
2025-06-16 12:36:17.609  INFO 38481 --- [main] org.apache.catalina.core.StandardEngine  : Starting Servlet engine: [Apache Tomcat/9.0.83]
2025-06-16 12:36:17.639  INFO 38481 --- [main] o.a.c.c.C.[Tomcat].[localhost].[/]       : Initializing Spring embedded WebApplicationContext
2025-06-16 12:36:17.639  INFO 38481 --- [main] w.s.c.ServletWebServerApplicationContext : Root WebApplicationContext: initialization completed in 617 ms
2025-06-16 12:36:17.693  INFO 38481 --- [main] com.zaxxer.hikari.HikariDataSource       : HikariPool-1 - Starting...
2025-06-16 12:36:17.848  INFO 38481 --- [main] com.zaxxer.hikari.HikariDataSource       : HikariPool-1 - Start completed.
2025-06-16 12:36:17.870  INFO 38481 --- [main] o.hibernate.jpa.internal.util.LogHelper  : HHH000204: Processing PersistenceUnitInfo [name: default]
2025-06-16 12:36:17.884  INFO 38481 --- [main] org.hibernate.Version                    : HHH000412: Hibernate ORM core version 5.6.15.Final
2025-06-16 12:36:17.947  INFO 38481 --- [main] o.hibernate.annotations.common.Version   : HCANN000001: Hibernate Commons Annotations {5.1.2.Final}
2025-06-16 12:36:17.988  INFO 38481 --- [main] org.hibernate.dialect.Dialect            : HHH000400: Using dialect: org.hibernate.dialect.MySQL57Dialect
2025-06-16 12:36:18.315  INFO 38481 --- [main] o.h.e.t.j.p.i.JtaPlatformInitiator       : HHH000490: Using JtaPlatform implementation: [org.hibernate.engine.transaction.jta.platform.internal.NoJtaPlatform]
2025-06-16 12:36:18.321  INFO 38481 --- [main] j.LocalContainerEntityManagerFactoryBean : Initialized JPA EntityManagerFactory for persistence unit 'default'
2025-06-16 12:36:18.704  WARN 38481 --- [main] JpaBaseConfiguration$JpaWebConfiguration : spring.jpa.open-in-view is enabled by default. Therefore, database queries may be performed during view rendering. Explicitly configure spring.jpa.open-in-view to disable this warning
2025-06-16 12:36:19.189  INFO 38481 --- [main] o.s.b.w.embedded.tomcat.TomcatWebServer  : Tomcat started on port(s): 8080 (http) with context path ''
2025-06-16 12:36:19.194  INFO 38481 --- [main] com.example.demo.DemoApplication         : Started DemoApplication in 2.358 seconds (JVM running for 2.613)
2025-06-16 12:36:22.569  INFO 38481 --- [http-nio-8080-exec-2] o.a.c.c.C.[Tomcat].[localhost].[/]       : Initializing Spring DispatcherServlet 'dispatcherServlet'
2025-06-16 12:36:22.569  INFO 38481 --- [http-nio-8080-exec-2] o.s.web.servlet.DispatcherServlet        : Initializing Servlet 'dispatcherServlet'
2025-06-16 12:36:22.569  INFO 38481 --- [http-nio-8080-exec-2] o.s.web.servlet.DispatcherServlet        : Completed initialization in 0 ms
2025-06-16 12:36:25.726  INFO 38481 --- [http-nio-8080-exec-2] com.example.aop.AspectConfig             : Request: InQueryRequest(firstNames=[john, david])
2025-06-16 12:36:34.190  INFO 38481 --- [http-nio-8080-exec-2] c.example.controller.StudentController   : studentResponses: [StudentResponse(id=1, firstName=John, lastName=Smith, email=john.smith@university.edu, fullName=John Smith, street=123 Main Street, city=New York, subjects=[com.example.response.SubjectResponse@1785b641, com.example.response.SubjectResponse@3de646b9, com.example.response.SubjectResponse@7102caa0]), StudentResponse(id=21, firstName=David, lastName=Lopez, email=david.lopez@university.edu, fullName=David Lopez, street=135 Basswood Way, city=Boston, subjects=[com.example.response.SubjectResponse@2afa488a, com.example.response.SubjectResponse@1077c42a, com.example.response.SubjectResponse@1f2b8b13])]
2025-06-16 12:36:52.255  INFO 38481 --- [http-nio-8080-exec-2] com.example.aop.AspectConfig             : Result: [StudentResponse(id=1, firstName=John, lastName=Smith, email=john.smith@university.edu, fullName=John Smith, street=123 Main Street, city=New York, subjects=[com.example.response.SubjectResponse@1785b641, com.example.response.SubjectResponse@3de646b9, com.example.response.SubjectResponse@7102caa0]), StudentResponse(id=21, firstName=David, lastName=Lopez, email=david.lopez@university.edu, fullName=David Lopez, street=135 Basswood Way, city=Boston, subjects=[com.example.response.SubjectResponse@2afa488a, com.example.response.SubjectResponse@1077c42a, com.example.response.SubjectResponse@1f2b8b13])]
2025-06-16 13:07:55.592  INFO 43289 --- [main] com.example.demo.DemoApplication         : Starting DemoApplication using Java 1.8.0_452 on CY3XV9JQ7V with PID 43289 (/Users/gauravmahaur/SpringBoot Practice/Demo/target/classes started by gauravmahaur in /Users/gauravmahaur/SpringBoot Practice)
2025-06-16 13:07:55.593  INFO 43289 --- [main] com.example.demo.DemoApplication         : No active profile set, falling back to 1 default profile: "default"
2025-06-16 13:07:55.828  INFO 43289 --- [main] .s.d.r.c.RepositoryConfigurationDelegate : Bootstrapping Spring Data JPA repositories in DEFAULT mode.
2025-06-16 13:07:55.852  INFO 43289 --- [main] .s.d.r.c.RepositoryConfigurationDelegate : Finished Spring Data repository scanning in 20 ms. Found 3 JPA repository interfaces.
2025-06-16 13:07:56.285  INFO 43289 --- [main] o.s.b.w.embedded.tomcat.TomcatWebServer  : Tomcat initialized with port(s): 8080 (http)
2025-06-16 13:07:56.290  INFO 43289 --- [main] o.apache.catalina.core.StandardService   : Starting service [Tomcat]
2025-06-16 13:07:56.290  INFO 43289 --- [main] org.apache.catalina.core.StandardEngine  : Starting Servlet engine: [Apache Tomcat/9.0.83]
2025-06-16 13:07:56.323  INFO 43289 --- [main] o.a.c.c.C.[Tomcat].[localhost].[/]       : Initializing Spring embedded WebApplicationContext
2025-06-16 13:07:56.324  INFO 43289 --- [main] w.s.c.ServletWebServerApplicationContext : Root WebApplicationContext: initialization completed in 705 ms
2025-06-16 13:07:56.387  INFO 43289 --- [main] com.zaxxer.hikari.HikariDataSource       : HikariPool-1 - Starting...
2025-06-16 13:07:56.580  INFO 43289 --- [main] com.zaxxer.hikari.HikariDataSource       : HikariPool-1 - Start completed.
2025-06-16 13:07:56.611  INFO 43289 --- [main] o.hibernate.jpa.internal.util.LogHelper  : HHH000204: Processing PersistenceUnitInfo [name: default]
2025-06-16 13:07:56.631  INFO 43289 --- [main] org.hibernate.Version                    : HHH000412: Hibernate ORM core version 5.6.15.Final
2025-06-16 13:07:56.704  INFO 43289 --- [main] o.hibernate.annotations.common.Version   : HCANN000001: Hibernate Commons Annotations {5.1.2.Final}
2025-06-16 13:07:56.752  INFO 43289 --- [main] org.hibernate.dialect.Dialect            : HHH000400: Using dialect: org.hibernate.dialect.MySQL57Dialect
2025-06-16 13:07:57.107  INFO 43289 --- [main] o.h.e.t.j.p.i.JtaPlatformInitiator       : HHH000490: Using JtaPlatform implementation: [org.hibernate.engine.transaction.jta.platform.internal.NoJtaPlatform]
2025-06-16 13:07:57.112  INFO 43289 --- [main] j.LocalContainerEntityManagerFactoryBean : Initialized JPA EntityManagerFactory for persistence unit 'default'
2025-06-16 13:07:57.507  WARN 43289 --- [main] JpaBaseConfiguration$JpaWebConfiguration : spring.jpa.open-in-view is enabled by default. Therefore, database queries may be performed during view rendering. Explicitly configure spring.jpa.open-in-view to disable this warning
2025-06-16 13:07:58.057  INFO 43289 --- [main] o.s.b.w.embedded.tomcat.TomcatWebServer  : Tomcat started on port(s): 8080 (http) with context path ''
2025-06-16 13:07:58.064  INFO 43289 --- [main] com.example.demo.DemoApplication         : Started DemoApplication in 2.649 seconds (JVM running for 2.934)
